# JRE version: OpenJDK Runtime Environment (7.0_65-b32) (build 1.7.0_65-b32)
# Java VM: OpenJDK 64-Bit Server VM (24.65-b04 mixed mode linux-amd64 compressed oops)
Heap
 PSYoungGen      total 1397248K, used 84200K [0x00000007aaa80000, 0x0000000800000000, 0x0000000800000000)
  eden space 1396224K, 6% used [0x00000007aaa80000,0x00000007afc99ab8,0x00000007ffe00000)
  from space 1024K, 12% used [0x00000007ffe00000,0x00000007ffe20778,0x00000007fff00000)
  to   space 1024K, 0% used [0x00000007fff00000,0x00000007fff00000,0x0000000800000000)
 ParOldGen       total 889344K, used 788062K [0x0000000700000000, 0x0000000736480000, 0x00000007aaa80000)
  object space 889344K, 88% used [0x0000000700000000,0x0000000730197b00,0x0000000736480000)
 PSPermGen       total 99328K, used 44889K [0x00000006f5a00000, 0x00000006fbb00000, 0x0000000700000000)
  object space 99328K, 45% used [0x00000006f5a00000,0x00000006f85d66a8,0x00000006fbb00000)
GC Heap History (10 events):
Event: 589.791 GC heap before
{Heap before GC invocations=557 (full 2):
 PSYoungGen      total 1397248K, used 1396403K [0x00000007aaa80000, 0x0000000800000000, 0x0000000800000000)
  eden space 1396224K, 100% used [0x00000007aaa80000,0x00000007ffe00000,0x00000007ffe00000)
  from space 1024K, 17% used [0x00000007fff00000,0x00000007fff2cc98,0x0000000800000000)
  to   space 1024K, 0% used [0x00000007ffe00000,0x00000007ffe00000,0x00000007fff00000)
 ParOldGen       total 889344K, used 787934K [0x0000000700000000, 0x0000000736480000, 0x00000007aaa80000)
  object space 889344K, 88% used [0x0000000700000000,0x0000000730177af0,0x0000000736480000)
 PSPermGen       total 99328K, used 44889K [0x00000006f5a00000, 0x00000006fbb00000, 0x0000000700000000)
  object space 99328K, 45% used [0x00000006f5a00000,0x00000006f85d66a8,0x00000006fbb00000)
Event: 589.814 GC heap after
Heap after GC invocations=557 (full 2):
 PSYoungGen      total 1397248K, used 148K [0x00000007aaa80000, 0x0000000800000000, 0x0000000800000000)
  eden space 1396224K, 0% used [0x00000007aaa80000,0x00000007aaa80000,0x00000007ffe00000)
  from space 1024K, 14% used [0x00000007ffe00000,0x00000007ffe25230,0x00000007fff00000)
  to   space 1024K, 0% used [0x00000007fff00000,0x00000007fff00000,0x0000000800000000)
 ParOldGen       total 889344K, used 787966K [0x0000000700000000, 0x0000000736480000, 0x00000007aaa80000)
  object space 889344K, 88% used [0x0000000700000000,0x000000073017faf0,0x0000000736480000)
 PSPermGen       total 99328K, used 44889K [0x00000006f5a00000, 0x00000006fbb00000, 0x0000000700000000)
  object space 99328K, 45% used [0x00000006f5a00000,0x00000006f85d66a8,0x00000006fbb00000)
}
Event: 589.997 GC heap before
{Heap before GC invocations=558 (full 2):
 PSYoungGen      total 1397248K, used 1396372K [0x00000007aaa80000, 0x0000000800000000, 0x0000000800000000)
  eden space 1396224K, 100% used [0x00000007aaa80000,0x00000007ffe00000,0x00000007ffe00000)
  from space 1024K, 14% used [0x00000007ffe00000,0x00000007ffe25230,0x00000007fff00000)
  to   space 1024K, 0% used [0x00000007fff00000,0x00000007fff00000,0x0000000800000000)
 ParOldGen       total 889344K, used 787966K [0x0000000700000000, 0x0000000736480000, 0x00000007aaa80000)
  object space 889344K, 88% used [0x0000000700000000,0x000000073017faf0,0x0000000736480000)
 PSPermGen       total 99328K, used 44889K [0x00000006f5a00000, 0x00000006fbb00000, 0x0000000700000000)
  object space 99328K, 45% used [0x00000006f5a00000,0x00000006f85d66a8,0x00000006fbb00000)
Event: 590.022 GC heap after
Heap after GC invocations=558 (full 2):
 PSYoungGen      total 1397248K, used 219K [0x00000007aaa80000, 0x0000000800000000, 0x0000000800000000)
  eden space 1396224K, 0% used [0x00000007aaa80000,0x00000007aaa80000,0x00000007ffe00000)
  from space 1024K, 21% used [0x00000007fff00000,0x00000007fff36c50,0x0000000800000000)
  to   space 1024K, 0% used [0x00000007ffe00000,0x00000007ffe00000,0x00000007fff00000)
 ParOldGen       total 889344K, used 787998K [0x0000000700000000, 0x0000000736480000, 0x00000007aaa80000)
  object space 889344K, 88% used [0x0000000700000000,0x0000000730187af0,0x0000000736480000)
 PSPermGen       total 99328K, used 44889K [0x00000006f5a00000, 0x00000006fbb00000, 0x0000000700000000)
  object space 99328K, 45% used [0x00000006f5a00000,0x00000006f85d66a8,0x00000006fbb00000)
}
Event: 590.214 GC heap before
{Heap before GC invocations=559 (full 2):
 PSYoungGen      total 1397248K, used 1396443K [0x00000007aaa80000, 0x0000000800000000, 0x0000000800000000)
  eden space 1396224K, 100% used [0x00000007aaa80000,0x00000007ffe00000,0x00000007ffe00000)
  from space 1024K, 21% used [0x00000007fff00000,0x00000007fff36c50,0x0000000800000000)
  to   space 1024K, 0% used [0x00000007ffe00000,0x00000007ffe00000,0x00000007fff00000)
 ParOldGen       total 889344K, used 787998K [0x0000000700000000, 0x0000000736480000, 0x00000007aaa80000)
  object space 889344K, 88% used [0x0000000700000000,0x0000000730187af0,0x0000000736480000)
 PSPermGen       total 99328K, used 44889K [0x00000006f5a00000, 0x00000006fbb00000, 0x0000000700000000)
  object space 99328K, 45% used [0x00000006f5a00000,0x00000006f85d66a8,0x00000006fbb00000)
Event: 590.247 GC heap after
Heap after GC invocations=559 (full 2):
 PSYoungGen      total 1397248K, used 64K [0x00000007aaa80000, 0x0000000800000000, 0x0000000800000000)
  eden space 1396224K, 0% used [0x00000007aaa80000,0x00000007aaa80000,0x00000007ffe00000)
  from space 1024K, 6% used [0x00000007ffe00000,0x00000007ffe10000,0x00000007fff00000)
  to   space 1024K, 0% used [0x00000007fff00000,0x00000007fff00000,0x0000000800000000)
 ParOldGen       total 889344K, used 788046K [0x0000000700000000, 0x0000000736480000, 0x00000007aaa80000)
  object space 889344K, 88% used [0x0000000700000000,0x0000000730193b00,0x0000000736480000)
 PSPermGen       total 99328K, used 44889K [0x00000006f5a00000, 0x00000006fbb00000, 0x0000000700000000)
  object space 99328K, 45% used [0x00000006f5a00000,0x00000006f85d66a8,0x00000006fbb00000)
}
Event: 590.428 GC heap before
{Heap before GC invocations=560 (full 2):
 PSYoungGen      total 1397248K, used 1396288K [0x00000007aaa80000, 0x0000000800000000, 0x0000000800000000)
  eden space 1396224K, 100% used [0x00000007aaa80000,0x00000007ffe00000,0x00000007ffe00000)
  from space 1024K, 6% used [0x00000007ffe00000,0x00000007ffe10000,0x00000007fff00000)
  to   space 1024K, 0% used [0x00000007fff00000,0x00000007fff00000,0x0000000800000000)
 ParOldGen       total 889344K, used 788046K [0x0000000700000000, 0x0000000736480000, 0x00000007aaa80000)
  object space 889344K, 88% used [0x0000000700000000,0x0000000730193b00,0x0000000736480000)
 PSPermGen       total 99328K, used 44889K [0x00000006f5a00000, 0x00000006fbb00000, 0x0000000700000000)
  object space 99328K, 45% used [0x00000006f5a00000,0x00000006f85d66a8,0x00000006fbb00000)
Event: 590.453 GC heap after
Heap after GC invocations=560 (full 2):
 PSYoungGen      total 1397248K, used 96K [0x00000007aaa80000, 0x0000000800000000, 0x0000000800000000)
  eden space 1396224K, 0% used [0x00000007aaa80000,0x00000007aaa80000,0x00000007ffe00000)
  from space 1024K, 9% used [0x00000007fff00000,0x00000007fff18000,0x0000000800000000)
  to   space 1024K, 0% used [0x00000007ffe00000,0x00000007ffe00000,0x00000007fff00000)
 ParOldGen       total 889344K, used 788046K [0x0000000700000000, 0x0000000736480000, 0x00000007aaa80000)
  object space 889344K, 88% used [0x0000000700000000,0x0000000730193b00,0x0000000736480000)
 PSPermGen       total 99328K, used 44889K [0x00000006f5a00000, 0x00000006fbb00000, 0x0000000700000000)
  object space 99328K, 45% used [0x00000006f5a00000,0x00000006f85d66a8,0x00000006fbb00000)
}
Event: 590.636 GC heap before
{Heap before GC invocations=561 (full 2):
 PSYoungGen      total 1397248K, used 1396320K [0x00000007aaa80000, 0x0000000800000000, 0x0000000800000000)
  eden space 1396224K, 100% used [0x00000007aaa80000,0x00000007ffe00000,0x00000007ffe00000)
  from space 1024K, 9% used [0x00000007fff00000,0x00000007fff18000,0x0000000800000000)
  to   space 1024K, 0% used [0x00000007ffe00000,0x00000007ffe00000,0x00000007fff00000)
 ParOldGen       total 889344K, used 788046K [0x0000000700000000, 0x0000000736480000, 0x00000007aaa80000)
  object space 889344K, 88% used [0x0000000700000000,0x0000000730193b00,0x0000000736480000)
 PSPermGen       total 99328K, used 44889K [0x00000006f5a00000, 0x00000006fbb00000, 0x0000000700000000)
  object space 99328K, 45% used [0x00000006f5a00000,0x00000006f85d66a8,0x00000006fbb00000)
Event: 590.661 GC heap after
Heap after GC invocations=561 (full 2):
 PSYoungGen      total 1397248K, used 129K [0x00000007aaa80000, 0x0000000800000000, 0x0000000800000000)
  eden space 1396224K, 0% used [0x00000007aaa80000,0x00000007aaa80000,0x00000007ffe00000)
  from space 1024K, 12% used [0x00000007ffe00000,0x00000007ffe20778,0x00000007fff00000)
  to   space 1024K, 0% used [0x00000007fff00000,0x00000007fff00000,0x0000000800000000)
 ParOldGen       total 889344K, used 788062K [0x0000000700000000, 0x0000000736480000, 0x00000007aaa80000)
  object space 889344K, 88% used [0x0000000700000000,0x0000000730197b00,0x0000000736480000)
 PSPermGen       total 99328K, used 44889K [0x00000006f5a00000, 0x00000006fbb00000, 0x0000000700000000)
  object space 99328K, 45% used [0x00000006f5a00000,0x00000006f85d66a8,0x00000006fbb00000)
}

