# JRE version: OpenJDK Runtime Environment (7.0_65-b32) (build 1.7.0_65-b32)
# Java VM: OpenJDK 64-Bit Server VM (24.65-b04 mixed mode linux-amd64 compressed oops)
Heap
 PSYoungGen      total 263168K, used 93786K [0x0000000780000000, 0x0000000792580000, 0x0000000800000000)
  eden space 225792K, 37% used [0x0000000780000000,0x00000007851cc0f8,0x000000078dc80000)
  from space 37376K, 26% used [0x0000000790100000,0x0000000790aca7a8,0x0000000792580000)
  to   space 37376K, 0% used [0x000000078dc80000,0x000000078dc80000,0x0000000790100000)
 ParOldGen       total 600064K, used 80K [0x0000000680000000, 0x00000006a4a00000, 0x0000000780000000)
  object space 600064K, 0% used [0x0000000680000000,0x0000000680014010,0x00000006a4a00000)
 PSPermGen       total 22528K, used 22240K [0x0000000675a00000, 0x0000000677000000, 0x0000000680000000)
  object space 22528K, 98% used [0x0000000675a00000,0x0000000676fb8008,0x0000000677000000)
GC Heap History (4 events):
Event: 1.672 GC heap before
{Heap before GC invocations=1 (full 0):
 PSYoungGen      total 263168K, used 225792K [0x0000000780000000, 0x0000000792580000, 0x0000000800000000)
  eden space 225792K, 100% used [0x0000000780000000,0x000000078dc80000,0x000000078dc80000)
  from space 37376K, 0% used [0x0000000790100000,0x0000000790100000,0x0000000792580000)
  to   space 37376K, 0% used [0x000000078dc80000,0x000000078dc80000,0x0000000790100000)
 ParOldGen       total 600064K, used 0K [0x0000000680000000, 0x00000006a4a00000, 0x0000000780000000)
  object space 600064K, 0% used [0x0000000680000000,0x0000000680000000,0x00000006a4a00000)
 PSPermGen       total 21504K, used 14277K [0x0000000675a00000, 0x0000000676f00000, 0x0000000680000000)
  object space 21504K, 66% used [0x0000000675a00000,0x00000006767f1620,0x0000000676f00000)
Event: 1.681 GC heap after
Heap after GC invocations=1 (full 0):
 PSYoungGen      total 263168K, used 10864K [0x0000000780000000, 0x0000000792580000, 0x0000000800000000)
  eden space 225792K, 0% used [0x0000000780000000,0x0000000780000000,0x000000078dc80000)
  from space 37376K, 29% used [0x000000078dc80000,0x000000078e71c160,0x0000000790100000)
  to   space 37376K, 0% used [0x0000000790100000,0x0000000790100000,0x0000000792580000)
 ParOldGen       total 600064K, used 72K [0x0000000680000000, 0x00000006a4a00000, 0x0000000780000000)
  object space 600064K, 0% used [0x0000000680000000,0x0000000680012010,0x00000006a4a00000)
 PSPermGen       total 21504K, used 14277K [0x0000000675a00000, 0x0000000676f00000, 0x0000000680000000)
  object space 21504K, 66% used [0x0000000675a00000,0x00000006767f1620,0x0000000676f00000)
}
Event: 2.263 GC heap before
{Heap before GC invocations=2 (full 0):
 PSYoungGen      total 263168K, used 236656K [0x0000000780000000, 0x0000000792580000, 0x0000000800000000)
  eden space 225792K, 100% used [0x0000000780000000,0x000000078dc80000,0x000000078dc80000)
  from space 37376K, 29% used [0x000000078dc80000,0x000000078e71c160,0x0000000790100000)
  to   space 37376K, 0% used [0x0000000790100000,0x0000000790100000,0x0000000792580000)
 ParOldGen       total 600064K, used 72K [0x0000000680000000, 0x00000006a4a00000, 0x0000000780000000)
  object space 600064K, 0% used [0x0000000680000000,0x0000000680012010,0x00000006a4a00000)
 PSPermGen       total 21504K, used 17712K [0x0000000675a00000, 0x0000000676f00000, 0x0000000680000000)
  object space 21504K, 82% used [0x0000000675a00000,0x0000000676b4c3d8,0x0000000676f00000)
Event: 2.270 GC heap after
Heap after GC invocations=2 (full 0):
 PSYoungGen      total 263168K, used 10025K [0x0000000780000000, 0x0000000792580000, 0x0000000800000000)
  eden space 225792K, 0% used [0x0000000780000000,0x0000000780000000,0x000000078dc80000)
  from space 37376K, 26% used [0x0000000790100000,0x0000000790aca7a8,0x0000000792580000)
  to   space 37376K, 0% used [0x000000078dc80000,0x000000078dc80000,0x0000000790100000)
 ParOldGen       total 600064K, used 80K [0x0000000680000000, 0x00000006a4a00000, 0x0000000780000000)
  object space 600064K, 0% used [0x0000000680000000,0x0000000680014010,0x00000006a4a00000)
 PSPermGen       total 21504K, used 17712K [0x0000000675a00000, 0x0000000676f00000, 0x0000000680000000)
  object space 21504K, 82% used [0x0000000675a00000,0x0000000676b4c3d8,0x0000000676f00000)
}

