# JRE version: OpenJDK Runtime Environment (7.0_65-b32) (build 1.7.0_65-b32)
# Java VM: OpenJDK 64-Bit Server VM (24.65-b04 mixed mode linux-amd64 compressed oops)
Heap
 PSYoungGen      total 1259008K, used 120548K [0x00000007aaa80000, 0x00000007ff780000, 0x0000000800000000)
  eden space 1139200K, 9% used [0x00000007aaa80000,0x00000007b12b51a8,0x00000007f0300000)
  from space 119808K, 11% used [0x00000007f0300000,0x00000007f1084030,0x00000007f7800000)
  to   space 116736K, 0% used [0x00000007f8580000,0x00000007f8580000,0x00000007ff780000)
 ParOldGen       total 600064K, used 460318K [0x0000000700000000, 0x0000000724a00000, 0x00000007aaa80000)
  object space 600064K, 76% used [0x0000000700000000,0x000000071c187980,0x0000000724a00000)
 PSPermGen       total 78336K, used 40578K [0x00000006f5a00000, 0x00000006fa680000, 0x0000000700000000)
  object space 78336K, 51% used [0x00000006f5a00000,0x00000006f81a0aa0,0x00000006fa680000)
GC Heap History (10 events):
Event: 92.280 GC heap before
{Heap before GC invocations=16 (full 1):
 PSYoungGen      total 1123840K, used 22416K [0x00000007aaa80000, 0x00000007fe500000, 0x0000000800000000)
  eden space 1101312K, 0% used [0x00000007aaa80000,0x00000007aaa80000,0x00000007ede00000)
  from space 22528K, 99% used [0x00000007ede00000,0x00000007ef3e4010,0x00000007ef400000)
  to   space 134656K, 0% used [0x00000007f6180000,0x00000007f6180000,0x00000007fe500000)
 ParOldGen       total 600064K, used 379856K [0x0000000700000000, 0x0000000724a00000, 0x00000007aaa80000)
  object space 600064K, 63% used [0x0000000700000000,0x00000007172f4080,0x0000000724a00000)
 PSPermGen       total 39424K, used 38958K [0x00000006f5a00000, 0x00000006f8080000, 0x0000000700000000)
  object space 39424K, 98% used [0x00000006f5a00000,0x00000006f800bbf8,0x00000006f8080000)
Event: 94.147 GC heap after
Heap after GC invocations=16 (full 1):
 PSYoungGen      total 1123840K, used 0K [0x00000007aaa80000, 0x00000007fe500000, 0x0000000800000000)
  eden space 1101312K, 0% used [0x00000007aaa80000,0x00000007aaa80000,0x00000007ede00000)
  from space 22528K, 0% used [0x00000007ede00000,0x00000007ede00000,0x00000007ef400000)
  to   space 134656K, 0% used [0x00000007f6180000,0x00000007f6180000,0x00000007fe500000)
 ParOldGen       total 600064K, used 395124K [0x0000000700000000, 0x0000000724a00000, 0x00000007aaa80000)
  object space 600064K, 65% used [0x0000000700000000,0x00000007181dd1a0,0x0000000724a00000)
 PSPermGen       total 78336K, used 38933K [0x00000006f5a00000, 0x00000006fa680000, 0x0000000700000000)
  object space 78336K, 49% used [0x00000006f5a00000,0x00000006f8005430,0x00000006fa680000)
}
Event: 97.482 GC heap before
{Heap before GC invocations=17 (full 1):
 PSYoungGen      total 1123840K, used 1101312K [0x00000007aaa80000, 0x00000007fe500000, 0x0000000800000000)
  eden space 1101312K, 100% used [0x00000007aaa80000,0x00000007ede00000,0x00000007ede00000)
  from space 22528K, 0% used [0x00000007ede00000,0x00000007ede00000,0x00000007ef400000)
  to   space 134656K, 0% used [0x00000007f6180000,0x00000007f6180000,0x00000007fe500000)
 ParOldGen       total 600064K, used 395124K [0x0000000700000000, 0x0000000724a00000, 0x00000007aaa80000)
  object space 600064K, 65% used [0x0000000700000000,0x00000007181dd1a0,0x0000000724a00000)
 PSPermGen       total 78336K, used 39026K [0x00000006f5a00000, 0x00000006fa680000, 0x0000000700000000)
  object space 78336K, 49% used [0x00000006f5a00000,0x00000006f801ca30,0x00000006fa680000)
Event: 97.523 GC heap after
Heap after GC invocations=17 (full 1):
 PSYoungGen      total 1240064K, used 20896K [0x00000007aaa80000, 0x0000000800000000, 0x0000000800000000)
  eden space 1105408K, 0% used [0x00000007aaa80000,0x00000007aaa80000,0x00000007ee200000)
  from space 134656K, 15% used [0x00000007f6180000,0x00000007f75e8010,0x00000007fe500000)
  to   space 130560K, 0% used [0x00000007ee200000,0x00000007ee200000,0x00000007f6180000)
 ParOldGen       total 600064K, used 395124K [0x0000000700000000, 0x0000000724a00000, 0x00000007aaa80000)
  object space 600064K, 65% used [0x0000000700000000,0x00000007181dd1a0,0x0000000724a00000)
 PSPermGen       total 78336K, used 39026K [0x00000006f5a00000, 0x00000006fa680000, 0x0000000700000000)
  object space 78336K, 49% used [0x00000006f5a00000,0x00000006f801ca30,0x00000006fa680000)
}
Event: 101.384 GC heap before
{Heap before GC invocations=18 (full 1):
 PSYoungGen      total 1240064K, used 1126304K [0x00000007aaa80000, 0x0000000800000000, 0x0000000800000000)
  eden space 1105408K, 100% used [0x00000007aaa80000,0x00000007ee200000,0x00000007ee200000)
  from space 134656K, 15% used [0x00000007f6180000,0x00000007f75e8010,0x00000007fe500000)
  to   space 130560K, 0% used [0x00000007ee200000,0x00000007ee200000,0x00000007f6180000)
 ParOldGen       total 600064K, used 395124K [0x0000000700000000, 0x0000000724a00000, 0x00000007aaa80000)
  object space 600064K, 65% used [0x0000000700000000,0x00000007181dd1a0,0x0000000724a00000)
 PSPermGen       total 78336K, used 39475K [0x00000006f5a00000, 0x00000006fa680000, 0x0000000700000000)
  object space 78336K, 50% used [0x00000006f5a00000,0x00000006f808ccd0,0x00000006fa680000)
Event: 101.436 GC heap after
Heap after GC invocations=18 (full 1):
 PSYoungGen      total 1235968K, used 21296K [0x00000007aaa80000, 0x00000007ff300000, 0x0000000800000000)
  eden space 1105408K, 0% used [0x00000007aaa80000,0x00000007aaa80000,0x00000007ee200000)
  from space 130560K, 16% used [0x00000007ee200000,0x00000007ef6cc358,0x00000007f6180000)
  to   space 125952K, 0% used [0x00000007f7800000,0x00000007f7800000,0x00000007ff300000)
 ParOldGen       total 600064K, used 414384K [0x0000000700000000, 0x0000000724a00000, 0x00000007aaa80000)
  object space 600064K, 69% used [0x0000000700000000,0x00000007194ac1c0,0x0000000724a00000)
 PSPermGen       total 78336K, used 39475K [0x00000006f5a00000, 0x00000006fa680000, 0x0000000700000000)
  object space 78336K, 50% used [0x00000006f5a00000,0x00000006f808ccd0,0x00000006fa680000)
}
Event: 103.341 GC heap before
{Heap before GC invocations=19 (full 1):
 PSYoungGen      total 1235968K, used 1126704K [0x00000007aaa80000, 0x00000007ff300000, 0x0000000800000000)
  eden space 1105408K, 100% used [0x00000007aaa80000,0x00000007ee200000,0x00000007ee200000)
  from space 130560K, 16% used [0x00000007ee200000,0x00000007ef6cc358,0x00000007f6180000)
  to   space 125952K, 0% used [0x00000007f7800000,0x00000007f7800000,0x00000007ff300000)
 ParOldGen       total 600064K, used 414384K [0x0000000700000000, 0x0000000724a00000, 0x00000007aaa80000)
  object space 600064K, 69% used [0x0000000700000000,0x00000007194ac1c0,0x0000000724a00000)
 PSPermGen       total 78336K, used 40112K [0x00000006f5a00000, 0x00000006fa680000, 0x0000000700000000)
  object space 78336K, 51% used [0x00000006f5a00000,0x00000006f812c2e8,0x00000006fa680000)
Event: 103.381 GC heap after
Heap after GC invocations=19 (full 1):
 PSYoungGen      total 1261568K, used 27007K [0x00000007aaa80000, 0x00000007fef80000, 0x0000000800000000)
  eden space 1139200K, 0% used [0x00000007aaa80000,0x00000007aaa80000,0x00000007f0300000)
  from space 122368K, 22% used [0x00000007f7800000,0x00000007f925ffa0,0x00000007fef80000)
  to   space 119808K, 0% used [0x00000007f0300000,0x00000007f0300000,0x00000007f7800000)
 ParOldGen       total 600064K, used 433616K [0x0000000700000000, 0x0000000724a00000, 0x00000007aaa80000)
  object space 600064K, 72% used [0x0000000700000000,0x000000071a7741d0,0x0000000724a00000)
 PSPermGen       total 78336K, used 40112K [0x00000006f5a00000, 0x00000006fa680000, 0x0000000700000000)
  object space 78336K, 51% used [0x00000006f5a00000,0x00000006f812c2e8,0x00000006fa680000)
}
Event: 106.862 GC heap before
{Heap before GC invocations=20 (full 1):
 PSYoungGen      total 1261568K, used 1166207K [0x00000007aaa80000, 0x00000007fef80000, 0x0000000800000000)
  eden space 1139200K, 100% used [0x00000007aaa80000,0x00000007f0300000,0x00000007f0300000)
  from space 122368K, 22% used [0x00000007f7800000,0x00000007f925ffa0,0x00000007fef80000)
  to   space 119808K, 0% used [0x00000007f0300000,0x00000007f0300000,0x00000007f7800000)
 ParOldGen       total 600064K, used 433616K [0x0000000700000000, 0x0000000724a00000, 0x00000007aaa80000)
  object space 600064K, 72% used [0x0000000700000000,0x000000071a7741d0,0x0000000724a00000)
 PSPermGen       total 78336K, used 40569K [0x00000006f5a00000, 0x00000006fa680000, 0x0000000700000000)
  object space 78336K, 51% used [0x00000006f5a00000,0x00000006f819e698,0x00000006fa680000)
Event: 106.901 GC heap after
Heap after GC invocations=20 (full 1):
 PSYoungGen      total 1259008K, used 13840K [0x00000007aaa80000, 0x00000007ff780000, 0x0000000800000000)
  eden space 1139200K, 0% used [0x00000007aaa80000,0x00000007aaa80000,0x00000007f0300000)
  from space 119808K, 11% used [0x00000007f0300000,0x00000007f1084030,0x00000007f7800000)
  to   space 116736K, 0% used [0x00000007f8580000,0x00000007f8580000,0x00000007ff780000)
 ParOldGen       total 600064K, used 460318K [0x0000000700000000, 0x0000000724a00000, 0x00000007aaa80000)
  object space 600064K, 76% used [0x0000000700000000,0x000000071c187980,0x0000000724a00000)
 PSPermGen       total 78336K, used 40569K [0x00000006f5a00000, 0x00000006fa680000, 0x0000000700000000)
  object space 78336K, 51% used [0x00000006f5a00000,0x00000006f819e698,0x00000006fa680000)
}

